INFO - 2024-09-01 18:15:18 --> Session: Class initialized using 'CodeIgniter\Session\Handlers\FileHandler' driver.
INFO - 2024-09-01 18:15:30 --> Session: Class initialized using 'CodeIgniter\Session\Handlers\FileHandler' driver.
ERROR - 2024-09-01 18:15:50 --> Error connecting to the database: mysqli_sql_exception: No connection could be made because the target machine actively refused it in D:\New XAMPP\htdocs\CI4\system\Database\MySQLi\Connection.php:186
Stack trace:
#0 D:\New XAMPP\htdocs\CI4\system\Database\MySQLi\Connection.php(186): mysqli->real_connect('localhost', 'root', Object(SensitiveParameterValue), 'kokebtest', 3306, '', 0)
#1 D:\New XAMPP\htdocs\CI4\system\Database\BaseConnection.php(421): CodeIgniter\Database\MySQLi\Connection->connect(false)
#2 D:\New XAMPP\htdocs\CI4\system\Database\BaseConnection.php(616): CodeIgniter\Database\BaseConnection->initialize()
#3 D:\New XAMPP\htdocs\CI4\system\Database\BaseBuilder.php(1644): CodeIgniter\Database\BaseConnection->query('SELECT *\nFROM `...', Array, false)
#4 D:\New XAMPP\htdocs\CI4\system\Model.php(286): CodeIgniter\Database\BaseBuilder->get()
#5 D:\New XAMPP\htdocs\CI4\system\BaseModel.php(676): CodeIgniter\Model->doFindAll(0, 0)
#6 D:\New XAMPP\htdocs\CI4\app\Controllers\BlogController.php(26): CodeIgniter\BaseModel->findAll()
#7 D:\New XAMPP\htdocs\CI4\system\CodeIgniter.php(933): App\Controllers\BlogController->index()
#8 D:\New XAMPP\htdocs\CI4\system\CodeIgniter.php(509): CodeIgniter\CodeIgniter->runController(Object(App\Controllers\BlogController))
#9 D:\New XAMPP\htdocs\CI4\system\CodeIgniter.php(355): CodeIgniter\CodeIgniter->handleRequest(NULL, Object(Config\Cache), false)
#10 D:\New XAMPP\htdocs\CI4\system\Boot.php(325): CodeIgniter\CodeIgniter->run()
#11 D:\New XAMPP\htdocs\CI4\system\Boot.php(67): CodeIgniter\Boot::runCodeIgniter(Object(CodeIgniter\CodeIgniter))
#12 D:\New XAMPP\htdocs\CI4\public\index.php(56): CodeIgniter\Boot::bootWeb(Object(Config\Paths))
#13 D:\New XAMPP\htdocs\CI4\system\rewrite.php(44): require_once('D:\\New XAMPP\\ht...')
#14 {main}

Next CodeIgniter\Database\Exceptions\DatabaseException: No connection could be made because the target machine actively refused it in D:\New XAMPP\htdocs\CI4\system\Database\MySQLi\Connection.php:231
Stack trace:
#0 D:\New XAMPP\htdocs\CI4\system\Database\BaseConnection.php(421): CodeIgniter\Database\MySQLi\Connection->connect(false)
#1 D:\New XAMPP\htdocs\CI4\system\Database\BaseConnection.php(616): CodeIgniter\Database\BaseConnection->initialize()
#2 D:\New XAMPP\htdocs\CI4\system\Database\BaseBuilder.php(1644): CodeIgniter\Database\BaseConnection->query('SELECT *\nFROM `...', Array, false)
#3 D:\New XAMPP\htdocs\CI4\system\Model.php(286): CodeIgniter\Database\BaseBuilder->get()
#4 D:\New XAMPP\htdocs\CI4\system\BaseModel.php(676): CodeIgniter\Model->doFindAll(0, 0)
#5 D:\New XAMPP\htdocs\CI4\app\Controllers\BlogController.php(26): CodeIgniter\BaseModel->findAll()
#6 D:\New XAMPP\htdocs\CI4\system\CodeIgniter.php(933): App\Controllers\BlogController->index()
#7 D:\New XAMPP\htdocs\CI4\system\CodeIgniter.php(509): CodeIgniter\CodeIgniter->runController(Object(App\Controllers\BlogController))
#8 D:\New XAMPP\htdocs\CI4\system\CodeIgniter.php(355): CodeIgniter\CodeIgniter->handleRequest(NULL, Object(Config\Cache), false)
#9 D:\New XAMPP\htdocs\CI4\system\Boot.php(325): CodeIgniter\CodeIgniter->run()
#10 D:\New XAMPP\htdocs\CI4\system\Boot.php(67): CodeIgniter\Boot::runCodeIgniter(Object(CodeIgniter\CodeIgniter))
#11 D:\New XAMPP\htdocs\CI4\public\index.php(56): CodeIgniter\Boot::bootWeb(Object(Config\Paths))
#12 D:\New XAMPP\htdocs\CI4\system\rewrite.php(44): require_once('D:\\New XAMPP\\ht...')
#13 {main}
CRITICAL - 2024-09-01 18:15:50 --> CodeIgniter\Database\Exceptions\DatabaseException: Unable to connect to the database.
Main connection [MySQLi]: No connection could be made because the target machine actively refused it
[Method: GET, Route: blog]
in SYSTEMPATH\Database\BaseConnection.php on line 467.
 1 SYSTEMPATH\Database\BaseConnection.php(616): CodeIgniter\Database\BaseConnection->initialize()
 2 SYSTEMPATH\Database\BaseBuilder.php(1644): CodeIgniter\Database\BaseConnection->query('SELECT *
FROM `blogs`', [], false)
 3 SYSTEMPATH\Model.php(286): CodeIgniter\Database\BaseBuilder->get()
 4 SYSTEMPATH\BaseModel.php(676): CodeIgniter\Model->doFindAll(0, 0)
 5 APPPATH\Controllers\BlogController.php(26): CodeIgniter\BaseModel->findAll()
 6 SYSTEMPATH\CodeIgniter.php(933): App\Controllers\BlogController->index()
 7 SYSTEMPATH\CodeIgniter.php(509): CodeIgniter\CodeIgniter->runController(Object(App\Controllers\BlogController))
 8 SYSTEMPATH\CodeIgniter.php(355): CodeIgniter\CodeIgniter->handleRequest(null, Object(Config\Cache), false)
 9 SYSTEMPATH\Boot.php(325): CodeIgniter\CodeIgniter->run()
10 SYSTEMPATH\Boot.php(67): CodeIgniter\Boot::runCodeIgniter(Object(CodeIgniter\CodeIgniter))
11 FCPATH\index.php(56): CodeIgniter\Boot::bootWeb(Object(Config\Paths))
12 SYSTEMPATH\rewrite.php(44): require_once('D:\\New XAMPP\\htdocs\\CI4\\public\\index.php')
ERROR - 2024-09-01 18:15:55 --> Error connecting to the database: mysqli_sql_exception: No connection could be made because the target machine actively refused it in D:\New XAMPP\htdocs\CI4\system\Database\MySQLi\Connection.php:186
Stack trace:
#0 D:\New XAMPP\htdocs\CI4\system\Database\MySQLi\Connection.php(186): mysqli->real_connect('localhost', 'root', Object(SensitiveParameterValue), 'kokebtest', 3306, '', 0)
#1 D:\New XAMPP\htdocs\CI4\system\Database\BaseConnection.php(421): CodeIgniter\Database\MySQLi\Connection->connect(false)
#2 D:\New XAMPP\htdocs\CI4\system\Database\BaseConnection.php(616): CodeIgniter\Database\BaseConnection->initialize()
#3 D:\New XAMPP\htdocs\CI4\system\Database\BaseBuilder.php(1644): CodeIgniter\Database\BaseConnection->query('SELECT *\nFROM `...', Array, false)
#4 D:\New XAMPP\htdocs\CI4\system\Model.php(286): CodeIgniter\Database\BaseBuilder->get()
#5 D:\New XAMPP\htdocs\CI4\system\BaseModel.php(676): CodeIgniter\Model->doFindAll(0, 0)
#6 D:\New XAMPP\htdocs\CI4\app\Controllers\BlogController.php(26): CodeIgniter\BaseModel->findAll()
#7 D:\New XAMPP\htdocs\CI4\system\CodeIgniter.php(933): App\Controllers\BlogController->index()
#8 D:\New XAMPP\htdocs\CI4\system\CodeIgniter.php(509): CodeIgniter\CodeIgniter->runController(Object(App\Controllers\BlogController))
#9 D:\New XAMPP\htdocs\CI4\system\CodeIgniter.php(355): CodeIgniter\CodeIgniter->handleRequest(NULL, Object(Config\Cache), false)
#10 D:\New XAMPP\htdocs\CI4\system\Boot.php(325): CodeIgniter\CodeIgniter->run()
#11 D:\New XAMPP\htdocs\CI4\system\Boot.php(67): CodeIgniter\Boot::runCodeIgniter(Object(CodeIgniter\CodeIgniter))
#12 D:\New XAMPP\htdocs\CI4\public\index.php(56): CodeIgniter\Boot::bootWeb(Object(Config\Paths))
#13 D:\New XAMPP\htdocs\CI4\system\rewrite.php(44): require_once('D:\\New XAMPP\\ht...')
#14 {main}

Next CodeIgniter\Database\Exceptions\DatabaseException: No connection could be made because the target machine actively refused it in D:\New XAMPP\htdocs\CI4\system\Database\MySQLi\Connection.php:231
Stack trace:
#0 D:\New XAMPP\htdocs\CI4\system\Database\BaseConnection.php(421): CodeIgniter\Database\MySQLi\Connection->connect(false)
#1 D:\New XAMPP\htdocs\CI4\system\Database\BaseConnection.php(616): CodeIgniter\Database\BaseConnection->initialize()
#2 D:\New XAMPP\htdocs\CI4\system\Database\BaseBuilder.php(1644): CodeIgniter\Database\BaseConnection->query('SELECT *\nFROM `...', Array, false)
#3 D:\New XAMPP\htdocs\CI4\system\Model.php(286): CodeIgniter\Database\BaseBuilder->get()
#4 D:\New XAMPP\htdocs\CI4\system\BaseModel.php(676): CodeIgniter\Model->doFindAll(0, 0)
#5 D:\New XAMPP\htdocs\CI4\app\Controllers\BlogController.php(26): CodeIgniter\BaseModel->findAll()
#6 D:\New XAMPP\htdocs\CI4\system\CodeIgniter.php(933): App\Controllers\BlogController->index()
#7 D:\New XAMPP\htdocs\CI4\system\CodeIgniter.php(509): CodeIgniter\CodeIgniter->runController(Object(App\Controllers\BlogController))
#8 D:\New XAMPP\htdocs\CI4\system\CodeIgniter.php(355): CodeIgniter\CodeIgniter->handleRequest(NULL, Object(Config\Cache), false)
#9 D:\New XAMPP\htdocs\CI4\system\Boot.php(325): CodeIgniter\CodeIgniter->run()
#10 D:\New XAMPP\htdocs\CI4\system\Boot.php(67): CodeIgniter\Boot::runCodeIgniter(Object(CodeIgniter\CodeIgniter))
#11 D:\New XAMPP\htdocs\CI4\public\index.php(56): CodeIgniter\Boot::bootWeb(Object(Config\Paths))
#12 D:\New XAMPP\htdocs\CI4\system\rewrite.php(44): require_once('D:\\New XAMPP\\ht...')
#13 {main}
CRITICAL - 2024-09-01 18:15:55 --> CodeIgniter\Database\Exceptions\DatabaseException: Unable to connect to the database.
Main connection [MySQLi]: No connection could be made because the target machine actively refused it
[Method: GET, Route: blog]
in SYSTEMPATH\Database\BaseConnection.php on line 467.
 1 SYSTEMPATH\Database\BaseConnection.php(616): CodeIgniter\Database\BaseConnection->initialize()
 2 SYSTEMPATH\Database\BaseBuilder.php(1644): CodeIgniter\Database\BaseConnection->query('SELECT *
FROM `blogs`', [], false)
 3 SYSTEMPATH\Model.php(286): CodeIgniter\Database\BaseBuilder->get()
 4 SYSTEMPATH\BaseModel.php(676): CodeIgniter\Model->doFindAll(0, 0)
 5 APPPATH\Controllers\BlogController.php(26): CodeIgniter\BaseModel->findAll()
 6 SYSTEMPATH\CodeIgniter.php(933): App\Controllers\BlogController->index()
 7 SYSTEMPATH\CodeIgniter.php(509): CodeIgniter\CodeIgniter->runController(Object(App\Controllers\BlogController))
 8 SYSTEMPATH\CodeIgniter.php(355): CodeIgniter\CodeIgniter->handleRequest(null, Object(Config\Cache), false)
 9 SYSTEMPATH\Boot.php(325): CodeIgniter\CodeIgniter->run()
10 SYSTEMPATH\Boot.php(67): CodeIgniter\Boot::runCodeIgniter(Object(CodeIgniter\CodeIgniter))
11 FCPATH\index.php(56): CodeIgniter\Boot::bootWeb(Object(Config\Paths))
12 SYSTEMPATH\rewrite.php(44): require_once('D:\\New XAMPP\\htdocs\\CI4\\public\\index.php')
INFO - 2024-09-01 18:15:56 --> Session: Class initialized using 'CodeIgniter\Session\Handlers\FileHandler' driver.
INFO - 2024-09-01 18:15:56 --> Session: Class initialized using 'CodeIgniter\Session\Handlers\FileHandler' driver.
INFO - 2024-09-01 18:16:12 --> Session: Class initialized using 'CodeIgniter\Session\Handlers\FileHandler' driver.
ERROR - 2024-09-01 18:16:19 --> Error connecting to the database: mysqli_sql_exception: No connection could be made because the target machine actively refused it in D:\New XAMPP\htdocs\CI4\system\Database\MySQLi\Connection.php:186
Stack trace:
#0 D:\New XAMPP\htdocs\CI4\system\Database\MySQLi\Connection.php(186): mysqli->real_connect('localhost', 'root', Object(SensitiveParameterValue), 'kokebtest', 3306, '', 0)
#1 D:\New XAMPP\htdocs\CI4\system\Database\BaseConnection.php(421): CodeIgniter\Database\MySQLi\Connection->connect(false)
#2 D:\New XAMPP\htdocs\CI4\system\Database\BaseConnection.php(616): CodeIgniter\Database\BaseConnection->initialize()
#3 D:\New XAMPP\htdocs\CI4\system\Database\BaseBuilder.php(1644): CodeIgniter\Database\BaseConnection->query('SELECT *\nFROM `...', Array, false)
#4 D:\New XAMPP\htdocs\CI4\system\Model.php(286): CodeIgniter\Database\BaseBuilder->get()
#5 D:\New XAMPP\htdocs\CI4\system\BaseModel.php(676): CodeIgniter\Model->doFindAll(0, 0)
#6 D:\New XAMPP\htdocs\CI4\app\Controllers\BlogController.php(26): CodeIgniter\BaseModel->findAll()
#7 D:\New XAMPP\htdocs\CI4\system\CodeIgniter.php(933): App\Controllers\BlogController->index()
#8 D:\New XAMPP\htdocs\CI4\system\CodeIgniter.php(509): CodeIgniter\CodeIgniter->runController(Object(App\Controllers\BlogController))
#9 D:\New XAMPP\htdocs\CI4\system\CodeIgniter.php(355): CodeIgniter\CodeIgniter->handleRequest(NULL, Object(Config\Cache), false)
#10 D:\New XAMPP\htdocs\CI4\system\Boot.php(325): CodeIgniter\CodeIgniter->run()
#11 D:\New XAMPP\htdocs\CI4\system\Boot.php(67): CodeIgniter\Boot::runCodeIgniter(Object(CodeIgniter\CodeIgniter))
#12 D:\New XAMPP\htdocs\CI4\public\index.php(56): CodeIgniter\Boot::bootWeb(Object(Config\Paths))
#13 D:\New XAMPP\htdocs\CI4\system\rewrite.php(44): require_once('D:\\New XAMPP\\ht...')
#14 {main}

Next CodeIgniter\Database\Exceptions\DatabaseException: No connection could be made because the target machine actively refused it in D:\New XAMPP\htdocs\CI4\system\Database\MySQLi\Connection.php:231
Stack trace:
#0 D:\New XAMPP\htdocs\CI4\system\Database\BaseConnection.php(421): CodeIgniter\Database\MySQLi\Connection->connect(false)
#1 D:\New XAMPP\htdocs\CI4\system\Database\BaseConnection.php(616): CodeIgniter\Database\BaseConnection->initialize()
#2 D:\New XAMPP\htdocs\CI4\system\Database\BaseBuilder.php(1644): CodeIgniter\Database\BaseConnection->query('SELECT *\nFROM `...', Array, false)
#3 D:\New XAMPP\htdocs\CI4\system\Model.php(286): CodeIgniter\Database\BaseBuilder->get()
#4 D:\New XAMPP\htdocs\CI4\system\BaseModel.php(676): CodeIgniter\Model->doFindAll(0, 0)
#5 D:\New XAMPP\htdocs\CI4\app\Controllers\BlogController.php(26): CodeIgniter\BaseModel->findAll()
#6 D:\New XAMPP\htdocs\CI4\system\CodeIgniter.php(933): App\Controllers\BlogController->index()
#7 D:\New XAMPP\htdocs\CI4\system\CodeIgniter.php(509): CodeIgniter\CodeIgniter->runController(Object(App\Controllers\BlogController))
#8 D:\New XAMPP\htdocs\CI4\system\CodeIgniter.php(355): CodeIgniter\CodeIgniter->handleRequest(NULL, Object(Config\Cache), false)
#9 D:\New XAMPP\htdocs\CI4\system\Boot.php(325): CodeIgniter\CodeIgniter->run()
#10 D:\New XAMPP\htdocs\CI4\system\Boot.php(67): CodeIgniter\Boot::runCodeIgniter(Object(CodeIgniter\CodeIgniter))
#11 D:\New XAMPP\htdocs\CI4\public\index.php(56): CodeIgniter\Boot::bootWeb(Object(Config\Paths))
#12 D:\New XAMPP\htdocs\CI4\system\rewrite.php(44): require_once('D:\\New XAMPP\\ht...')
#13 {main}
CRITICAL - 2024-09-01 18:16:19 --> CodeIgniter\Database\Exceptions\DatabaseException: Unable to connect to the database.
Main connection [MySQLi]: No connection could be made because the target machine actively refused it
[Method: GET, Route: blog]
in SYSTEMPATH\Database\BaseConnection.php on line 467.
 1 SYSTEMPATH\Database\BaseConnection.php(616): CodeIgniter\Database\BaseConnection->initialize()
 2 SYSTEMPATH\Database\BaseBuilder.php(1644): CodeIgniter\Database\BaseConnection->query('SELECT *
FROM `blogs`', [], false)
 3 SYSTEMPATH\Model.php(286): CodeIgniter\Database\BaseBuilder->get()
 4 SYSTEMPATH\BaseModel.php(676): CodeIgniter\Model->doFindAll(0, 0)
 5 APPPATH\Controllers\BlogController.php(26): CodeIgniter\BaseModel->findAll()
 6 SYSTEMPATH\CodeIgniter.php(933): App\Controllers\BlogController->index()
 7 SYSTEMPATH\CodeIgniter.php(509): CodeIgniter\CodeIgniter->runController(Object(App\Controllers\BlogController))
 8 SYSTEMPATH\CodeIgniter.php(355): CodeIgniter\CodeIgniter->handleRequest(null, Object(Config\Cache), false)
 9 SYSTEMPATH\Boot.php(325): CodeIgniter\CodeIgniter->run()
10 SYSTEMPATH\Boot.php(67): CodeIgniter\Boot::runCodeIgniter(Object(CodeIgniter\CodeIgniter))
11 FCPATH\index.php(56): CodeIgniter\Boot::bootWeb(Object(Config\Paths))
12 SYSTEMPATH\rewrite.php(44): require_once('D:\\New XAMPP\\htdocs\\CI4\\public\\index.php')
INFO - 2024-09-01 18:16:41 --> Session: Class initialized using 'CodeIgniter\Session\Handlers\FileHandler' driver.
INFO - 2024-09-01 18:16:48 --> Session: Class initialized using 'CodeIgniter\Session\Handlers\FileHandler' driver.
INFO - 2024-09-01 18:17:25 --> Session: Class initialized using 'CodeIgniter\Session\Handlers\FileHandler' driver.
INFO - 2024-09-01 18:17:39 --> Session: Class initialized using 'CodeIgniter\Session\Handlers\FileHandler' driver.
INFO - 2024-09-01 18:17:43 --> Session: Class initialized using 'CodeIgniter\Session\Handlers\FileHandler' driver.
INFO - 2024-09-01 18:18:12 --> Session: Class initialized using 'CodeIgniter\Session\Handlers\FileHandler' driver.
